<?xml version="1.0" encoding="UTF-8"?>
<!-- Generated by org.testng.reporters.JUnitXMLReporter -->
<testsuite ignored="0" hostname="REM-LT-221024B" failures="0" tests="6" name="Default test" time="0.3" errors="0" timestamp="2022-11-25T17:31:59 CST">
  <testcase classname="restAssuredSerialization.RestAssuredJsonAsDataProvider" name="test01" time="0.012"/>
  <testcase classname="restAssuredSerialization.RestAssuredJsonAsDataProvider" name="test01" time="0.001"/>
  <testcase classname="restAssuredSerialization.RestAssuredJsonAsDataProvider" name="test01" time="0.002"/>
  <testcase classname="restAssuredSerialization.RestAssuredJsonAsDataProvider" name="test01" time="0.001"/>
  <testcase classname="restAssuredSerialization.RestAssuredJsonAsDataProvider" name="test01" time="0.002"/>
  <testcase classname="restAssuredSerialization.RestAssuredJsonAsDataProvider" name="test01" time="0.001"/>
</testsuite> <!-- Default test -->
