<?xml version="1.0" encoding="UTF-8"?>
<testng-results ignored="0" total="1" passed="1" failed="0" skipped="0">
  <reporter-output>
  </reporter-output>
  <suite started-at="2022-11-25T10:37:24 CST" name="Default suite" finished-at="2022-11-25T10:38:53 CST" duration-ms="89065">
    <groups>
    </groups>
    <test started-at="2022-11-25T10:37:24 CST" name="Default test" finished-at="2022-11-25T10:38:53 CST" duration-ms="89065">
      <class name="restAssuredValidatedLinks.RestAssuredValidatedLinks">
        <test-method is-config="true" signature="StartUp()[pri:0, instance:restAssuredValidatedLinks.RestAssuredValidatedLinks@4dbb42b7]" started-at="2022-11-25T10:37:24 CST" name="StartUp" finished-at="2022-11-25T10:37:28 CST" duration-ms="3972" status="PASS">
          <reporter-output>
          </reporter-output>
        </test-method> <!-- StartUp -->
        <test-method signature="ValidatedLinks()[pri:0, instance:restAssuredValidatedLinks.RestAssuredValidatedLinks@4dbb42b7]" started-at="2022-11-25T10:37:28 CST" name="ValidatedLinks" finished-at="2022-11-25T10:38:53 CST" duration-ms="84453" status="PASS">
          <reporter-output>
          </reporter-output>
        </test-method> <!-- ValidatedLinks -->
        <test-method is-config="true" signature="TearDown()[pri:0, instance:restAssuredValidatedLinks.RestAssuredValidatedLinks@4dbb42b7]" started-at="2022-11-25T10:38:53 CST" name="TearDown" finished-at="2022-11-25T10:38:53 CST" duration-ms="565" status="PASS">
          <reporter-output>
          </reporter-output>
        </test-method> <!-- TearDown -->
      </class> <!-- restAssuredValidatedLinks.RestAssuredValidatedLinks -->
    </test> <!-- Default test -->
  </suite> <!-- Default suite -->
</testng-results>
