<?xml version="1.0" encoding="UTF-8"?>
<testng-results ignored="0" total="1" passed="1" failed="0" skipped="0">
  <reporter-output>
  </reporter-output>
  <suite started-at="2022-11-23T09:00:38 CST" name="Default suite" finished-at="2022-11-23T09:00:47 CST" duration-ms="9286">
    <groups>
    </groups>
    <test started-at="2022-11-23T09:00:38 CST" name="Default test" finished-at="2022-11-23T09:00:47 CST" duration-ms="9286">
      <class name="restAssuredOAuth.OAuth2">
        <test-method is-config="true" signature="StartUp()[pri:0, instance:restAssuredOAuth.OAuth2@1de5f259]" started-at="2022-11-23T09:00:38 CST" name="StartUp" finished-at="2022-11-23T09:00:41 CST" duration-ms="3488" status="PASS">
          <reporter-output>
          </reporter-output>
        </test-method> <!-- StartUp -->
        <test-method signature="getAccess()[pri:0, instance:restAssuredOAuth.OAuth2@1de5f259]" started-at="2022-11-23T09:00:41 CST" name="getAccess" finished-at="2022-11-23T09:00:47 CST" duration-ms="5732" status="PASS">
          <reporter-output>
          </reporter-output>
        </test-method> <!-- getAccess -->
      </class> <!-- restAssuredOAuth.OAuth2 -->
    </test> <!-- Default test -->
  </suite> <!-- Default suite -->
</testng-results>
